<?xml version="1.0" encoding="UTF-8" ?>
<testsuite tests="1" failures="1" name="ca.bytetube.community.dao.AreaDaoTest" time="0.302" errors="0" skipped="0">
  <properties>
    <property name="idea.version" value="2022.2.2"/>
    <property name="java.runtime.name" value="OpenJDK Runtime Environment"/>
    <property name="sun.boot.library.path" value="/Users/tippi/Library/Java/JavaVirtualMachines/liberica-1.8.0_345/jre/lib"/>
    <property name="java.vm.version" value="25.345-b01"/>
    <property name="gopherProxySet" value="false"/>
    <property name="java.vm.vendor" value="BellSoft"/>
    <property name="maven.multiModuleProjectDirectory" value="/Users/tippi/Desktop/Ideal Project 15/Phase3 FrameWork/projects/CommunityApp"/>
    <property name="java.vendor.url" value="https://bell-sw.com/"/>
    <property name="path.separator" value=":"/>
    <property name="guice.disable.misplaced.annotation.check" value="true"/>
    <property name="java.vm.name" value="OpenJDK 64-Bit Server VM"/>
    <property name="file.encoding.pkg" value="sun.io"/>
    <property name="user.country" value="CN"/>
    <property name="sun.java.launcher" value="SUN_STANDARD"/>
    <property name="sun.os.patch.level" value="unknown"/>
    <property name="java.vm.specification.name" value="Java Virtual Machine Specification"/>
    <property name="user.dir" value="/Users/tippi/Desktop/Ideal Project 15/Phase3 FrameWork/projects/CommunityApp"/>
    <property name="java.runtime.version" value="1.8.0_345-b01"/>
    <property name="java.awt.graphicsenv" value="sun.awt.CGraphicsEnvironment"/>
    <property name="java.endorsed.dirs" value="/Users/tippi/Library/Java/JavaVirtualMachines/liberica-1.8.0_345/jre/lib/endorsed"/>
    <property name="os.arch" value="aarch64"/>
    <property name="java.io.tmpdir" value="/var/folders/xb/0xmvw75x3hzfsc6889y1x4hc0000gn/T/"/>
    <property name="line.separator" value="
"/>
    <property name="java.vm.specification.vendor" value="Oracle Corporation"/>
    <property name="os.name" value="Mac OS X"/>
    <property name="maven.ext.class.path" value="/Applications/IntelliJ IDEA CE.app/Contents/plugins/maven/lib/maven-event-listener.jar"/>
    <property name="classworlds.conf" value="/Applications/IntelliJ IDEA CE.app/Contents/plugins/maven/lib/maven3/bin/m2.conf"/>
    <property name="sun.jnu.encoding" value="UTF-8"/>
    <property name="java.library.path" value="/Users/tippi/Library/Java/Extensions:/Library/Java/Extensions:/Network/Library/Java/Extensions:/System/Library/Java/Extensions:/usr/lib/java:."/>
    <property name="maven.conf" value="/Applications/IntelliJ IDEA CE.app/Contents/plugins/maven/lib/maven3/conf"/>
    <property name="java.specification.name" value="Java Platform API Specification"/>
    <property name="java.class.version" value="52.0"/>
    <property name="sun.management.compiler" value="HotSpot 64-Bit Tiered Compilers"/>
    <property name="os.version" value="12.2.1"/>
    <property name="http.nonProxyHosts" value="local|*.local|169.254/16|*.169.254/16"/>
    <property name="user.home" value="/Users/tippi"/>
    <property name="user.timezone" value="America/Toronto"/>
    <property name="java.awt.printerjob" value="sun.lwawt.macosx.CPrinterJob"/>
    <property name="java.specification.version" value="1.8"/>
    <property name="file.encoding" value="UTF-8"/>
    <property name="user.name" value="tippi"/>
    <property name="java.class.path" value="/Applications/IntelliJ IDEA CE.app/Contents/plugins/maven/lib/maven3/boot/plexus-classworlds.license:/Applications/IntelliJ IDEA CE.app/Contents/plugins/maven/lib/maven3/boot/plexus-classworlds-2.6.0.jar:/Applications/IntelliJ IDEA CE.app/Contents/lib/idea_rt.jar"/>
    <property name="java.vm.specification.version" value="1.8"/>
    <property name="sun.arch.data.model" value="64"/>
    <property name="java.home" value="/Users/tippi/Library/Java/JavaVirtualMachines/liberica-1.8.0_345/jre"/>
    <property name="sun.java.command" value="org.codehaus.classworlds.Launcher -Didea.version=2022.2.2 package"/>
    <property name="java.specification.vendor" value="Oracle Corporation"/>
    <property name="user.language" value="zh"/>
    <property name="awt.toolkit" value="sun.lwawt.macosx.LWCToolkit"/>
    <property name="java.vm.info" value="mixed mode"/>
    <property name="java.version" value="1.8.0_345"/>
    <property name="java.ext.dirs" value="/Users/tippi/Library/Java/Extensions:/Users/tippi/Library/Java/JavaVirtualMachines/liberica-1.8.0_345/jre/lib/ext:/Library/Java/Extensions:/Network/Library/Java/Extensions:/System/Library/Java/Extensions:/usr/lib/java"/>
    <property name="sun.boot.class.path" value="/Users/tippi/Library/Java/JavaVirtualMachines/liberica-1.8.0_345/jre/lib/resources.jar:/Users/tippi/Library/Java/JavaVirtualMachines/liberica-1.8.0_345/jre/lib/rt.jar:/Users/tippi/Library/Java/JavaVirtualMachines/liberica-1.8.0_345/jre/lib/sunrsasign.jar:/Users/tippi/Library/Java/JavaVirtualMachines/liberica-1.8.0_345/jre/lib/jsse.jar:/Users/tippi/Library/Java/JavaVirtualMachines/liberica-1.8.0_345/jre/lib/jce.jar:/Users/tippi/Library/Java/JavaVirtualMachines/liberica-1.8.0_345/jre/lib/charsets.jar:/Users/tippi/Library/Java/JavaVirtualMachines/liberica-1.8.0_345/jre/lib/jfr.jar:/Users/tippi/Library/Java/JavaVirtualMachines/liberica-1.8.0_345/jre/classes"/>
    <property name="java.vendor" value="BellSoft"/>
    <property name="maven.home" value="/Applications/IntelliJ IDEA CE.app/Contents/plugins/maven/lib/maven3"/>
    <property name="file.separator" value="/"/>
    <property name="java.vendor.url.bug" value="https://bell-sw.com/support"/>
    <property name="sun.cpu.endian" value="little"/>
    <property name="sun.io.unicode.encoding" value="UnicodeBig"/>
    <property name="socksNonProxyHosts" value="local|*.local|169.254/16|*.169.254/16"/>
    <property name="ftp.nonProxyHosts" value="local|*.local|169.254/16|*.169.254/16"/>
    <property name="sun.cpu.isalist" value=""/>
  </properties>
  <testcase classname="ca.bytetube.community.dao.AreaDaoTest" name="testQueryArea" time="0.302">
    <failure message="expected:&lt;montreal&gt; but was:&lt;null&gt;" type="java.lang.AssertionError">java.lang.AssertionError: expected:&lt;montreal&gt; but was:&lt;null&gt;
	at org.junit.Assert.fail(Assert.java:88)
	at org.junit.Assert.failNotEquals(Assert.java:834)
	at org.junit.Assert.assertEquals(Assert.java:118)
	at org.junit.Assert.assertEquals(Assert.java:144)
	at ca.bytetube.community.dao.AreaDaoTest.testQueryArea(AreaDaoTest.java:20)
	at sun.reflect.NativeMethodAccessorImpl.invoke0(Native Method)
	at sun.reflect.NativeMethodAccessorImpl.invoke(NativeMethodAccessorImpl.java:62)
	at sun.reflect.DelegatingMethodAccessorImpl.invoke(DelegatingMethodAccessorImpl.java:43)
	at java.lang.reflect.Method.invoke(Method.java:498)
	at org.junit.runners.model.FrameworkMethod$1.runReflectiveCall(FrameworkMethod.java:50)
	at org.junit.internal.runners.model.ReflectiveCallable.run(ReflectiveCallable.java:12)
	at org.junit.runners.model.FrameworkMethod.invokeExplosively(FrameworkMethod.java:47)
	at org.junit.internal.runners.statements.InvokeMethod.evaluate(InvokeMethod.java:17)
	at org.springframework.test.context.junit4.statements.RunBeforeTestExecutionCallbacks.evaluate(RunBeforeTestExecutionCallbacks.java:74)
	at org.springframework.test.context.junit4.statements.RunAfterTestExecutionCallbacks.evaluate(RunAfterTestExecutionCallbacks.java:84)
	at org.springframework.test.context.junit4.statements.RunBeforeTestMethodCallbacks.evaluate(RunBeforeTestMethodCallbacks.java:75)
	at org.springframework.test.context.junit4.statements.RunAfterTestMethodCallbacks.evaluate(RunAfterTestMethodCallbacks.java:86)
	at org.springframework.test.context.junit4.statements.SpringRepeat.evaluate(SpringRepeat.java:84)
	at org.junit.runners.ParentRunner.runLeaf(ParentRunner.java:325)
	at org.springframework.test.context.junit4.SpringJUnit4ClassRunner.runChild(SpringJUnit4ClassRunner.java:251)
	at org.springframework.test.context.junit4.SpringJUnit4ClassRunner.runChild(SpringJUnit4ClassRunner.java:97)
	at org.junit.runners.ParentRunner$3.run(ParentRunner.java:290)
	at org.junit.runners.ParentRunner$1.schedule(ParentRunner.java:71)
	at org.junit.runners.ParentRunner.runChildren(ParentRunner.java:288)
	at org.junit.runners.ParentRunner.access$000(ParentRunner.java:58)
	at org.junit.runners.ParentRunner$2.evaluate(ParentRunner.java:268)
	at org.springframework.test.context.junit4.statements.RunBeforeTestClassCallbacks.evaluate(RunBeforeTestClassCallbacks.java:61)
	at org.springframework.test.context.junit4.statements.RunAfterTestClassCallbacks.evaluate(RunAfterTestClassCallbacks.java:70)
	at org.junit.runners.ParentRunner.run(ParentRunner.java:363)
	at org.springframework.test.context.junit4.SpringJUnit4ClassRunner.run(SpringJUnit4ClassRunner.java:190)
	at org.apache.maven.surefire.junit4.JUnit4Provider.execute(JUnit4Provider.java:252)
	at org.apache.maven.surefire.junit4.JUnit4Provider.executeTestSet(JUnit4Provider.java:141)
	at org.apache.maven.surefire.junit4.JUnit4Provider.invoke(JUnit4Provider.java:112)
	at sun.reflect.NativeMethodAccessorImpl.invoke0(Native Method)
	at sun.reflect.NativeMethodAccessorImpl.invoke(NativeMethodAccessorImpl.java:62)
	at sun.reflect.DelegatingMethodAccessorImpl.invoke(DelegatingMethodAccessorImpl.java:43)
	at java.lang.reflect.Method.invoke(Method.java:498)
	at org.apache.maven.surefire.util.ReflectionUtils.invokeMethodWithArray(ReflectionUtils.java:189)
	at org.apache.maven.surefire.booter.ProviderFactory$ProviderProxy.invoke(ProviderFactory.java:165)
	at org.apache.maven.surefire.booter.ProviderFactory.invokeProvider(ProviderFactory.java:85)
	at org.apache.maven.surefire.booter.ForkedBooter.runSuitesInProcess(ForkedBooter.java:115)
	at org.apache.maven.surefire.booter.ForkedBooter.main(ForkedBooter.java:75)
</failure>
    <system-out>21:35:00,520 |-INFO in ch.qos.logback.classic.LoggerContext[default] - Could NOT find resource [logback-test.xml]
21:35:00,521 |-INFO in ch.qos.logback.classic.LoggerContext[default] - Could NOT find resource [logback.groovy]
21:35:00,521 |-INFO in ch.qos.logback.classic.LoggerContext[default] - Found resource [logback.xml] at [file:/Users/tippi/Desktop/Ideal%20Project%2015/Phase3%20FrameWork/projects/CommunityApp/target/classes/logback.xml]
21:35:00,545 |-INFO in ch.qos.logback.classic.joran.action.ConfigurationAction - debug attribute not set
21:35:00,548 |-INFO in ch.qos.logback.classic.joran.action.ConfigurationAction - Will scan for changes in [file:/Users/tippi/Desktop/Ideal%20Project%2015/Phase3%20FrameWork/projects/CommunityApp/target/classes/logback.xml] 
21:35:00,548 |-INFO in ch.qos.logback.classic.joran.action.ConfigurationAction - Setting ReconfigureOnChangeTask scanning period to 1 minutes
21:35:00,550 |-ERROR in ch.qos.logback.core.joran.spi.Interpreter@7:90 - RuntimeException in Action for tag [property] java.lang.IllegalArgumentException: All tokens consumed but was expecting &quot;}&quot;
	at java.lang.IllegalArgumentException: All tokens consumed but was expecting &quot;}&quot;
	at 	at ch.qos.logback.core.subst.Parser.expectNotNull(Parser.java:143)
	at 	at ch.qos.logback.core.subst.Parser.expectCurlyRight(Parser.java:148)
	at 	at ch.qos.logback.core.subst.Parser.T(Parser.java:84)
	at 	at ch.qos.logback.core.subst.Parser.E(Parser.java:51)
	at 	at ch.qos.logback.core.subst.Parser.Eopt(Parser.java:68)
	at 	at ch.qos.logback.core.subst.Parser.E(Parser.java:55)
	at 	at ch.qos.logback.core.subst.Parser.parse(Parser.java:47)
	at 	at ch.qos.logback.core.subst.NodeToStringTransformer.tokenizeAndParseString(NodeToStringTransformer.java:55)
	at 	at ch.qos.logback.core.subst.NodeToStringTransformer.substituteVariable(NodeToStringTransformer.java:46)
	at 	at ch.qos.logback.core.util.OptionHelper.substVars(OptionHelper.java:112)
	at 	at ch.qos.logback.core.joran.spi.InterpretationContext.subst(InterpretationContext.java:157)
	at 	at ch.qos.logback.core.joran.action.PropertyAction.begin(PropertyAction.java:94)
	at 	at ch.qos.logback.core.joran.spi.Interpreter.callBeginAction(Interpreter.java:269)
	at 	at ch.qos.logback.core.joran.spi.Interpreter.startElement(Interpreter.java:145)
	at 	at ch.qos.logback.core.joran.spi.Interpreter.startElement(Interpreter.java:128)
	at 	at ch.qos.logback.core.joran.spi.EventPlayer.play(EventPlayer.java:50)
	at 	at ch.qos.logback.core.joran.GenericConfigurator.doConfigure(GenericConfigurator.java:165)
	at 	at ch.qos.logback.core.joran.GenericConfigurator.doConfigure(GenericConfigurator.java:152)
	at 	at ch.qos.logback.core.joran.GenericConfigurator.doConfigure(GenericConfigurator.java:110)
	at 	at ch.qos.logback.core.joran.GenericConfigurator.doConfigure(GenericConfigurator.java:53)
	at 	at ch.qos.logback.classic.util.ContextInitializer.configureByResource(ContextInitializer.java:75)
	at 	at ch.qos.logback.classic.util.ContextInitializer.autoConfig(ContextInitializer.java:150)
	at 	at org.slf4j.impl.StaticLoggerBinder.init(StaticLoggerBinder.java:84)
	at 	at org.slf4j.impl.StaticLoggerBinder.&lt;clinit&gt;(StaticLoggerBinder.java:55)
	at 	at org.slf4j.LoggerFactory.bind(LoggerFactory.java:150)
	at 	at org.slf4j.LoggerFactory.performInitialization(LoggerFactory.java:124)
	at 	at org.slf4j.LoggerFactory.getILoggerFactory(LoggerFactory.java:412)
	at 	at org.slf4j.LoggerFactory.getLogger(LoggerFactory.java:357)
	at 	at org.apache.commons.logging.LogAdapter$Slf4jAdapter.createLocationAwareLog(LogAdapter.java:130)
	at 	at org.apache.commons.logging.LogAdapter.createLog(LogAdapter.java:91)
	at 	at org.apache.commons.logging.LogFactoryService.getInstance(LogFactoryService.java:46)
	at 	at org.apache.commons.logging.LogFactoryService.getInstance(LogFactoryService.java:41)
	at 	at org.apache.commons.logging.LogFactory.getLog(LogFactory.java:351)
	at 	at org.springframework.test.context.junit4.SpringJUnit4ClassRunner.&lt;clinit&gt;(SpringJUnit4ClassRunner.java:99)
	at 	at sun.reflect.NativeConstructorAccessorImpl.newInstance0(Native Method)
	at 	at sun.reflect.NativeConstructorAccessorImpl.newInstance(NativeConstructorAccessorImpl.java:62)
	at 	at sun.reflect.DelegatingConstructorAccessorImpl.newInstance(DelegatingConstructorAccessorImpl.java:45)
	at 	at java.lang.reflect.Constructor.newInstance(Constructor.java:423)
	at 	at org.junit.internal.builders.AnnotatedBuilder.buildRunner(AnnotatedBuilder.java:104)
	at 	at org.junit.internal.builders.AnnotatedBuilder.runnerForClass(AnnotatedBuilder.java:86)
	at 	at org.junit.runners.model.RunnerBuilder.safeRunnerForClass(RunnerBuilder.java:59)
	at 	at org.junit.internal.builders.AllDefaultPossibilitiesBuilder.runnerForClass(AllDefaultPossibilitiesBuilder.java:26)
	at 	at org.junit.runners.model.RunnerBuilder.safeRunnerForClass(RunnerBuilder.java:59)
	at 	at org.junit.internal.requests.ClassRequest.getRunner(ClassRequest.java:33)
	at 	at org.apache.maven.surefire.junit4.JUnit4Provider.execute(JUnit4Provider.java:250)
	at 	at org.apache.maven.surefire.junit4.JUnit4Provider.executeTestSet(JUnit4Provider.java:141)
	at 	at org.apache.maven.surefire.junit4.JUnit4Provider.invoke(JUnit4Provider.java:112)
	at 	at sun.reflect.NativeMethodAccessorImpl.invoke0(Native Method)
	at 	at sun.reflect.NativeMethodAccessorImpl.invoke(NativeMethodAccessorImpl.java:62)
	at 	at sun.reflect.DelegatingMethodAccessorImpl.invoke(DelegatingMethodAccessorImpl.java:43)
	at 	at java.lang.reflect.Method.invoke(Method.java:498)
	at 	at org.apache.maven.surefire.util.ReflectionUtils.invokeMethodWithArray(ReflectionUtils.java:189)
	at 	at org.apache.maven.surefire.booter.ProviderFactory$ProviderProxy.invoke(ProviderFactory.java:165)
	at 	at org.apache.maven.surefire.booter.ProviderFactory.invokeProvider(ProviderFactory.java:85)
	at 	at org.apache.maven.surefire.booter.ForkedBooter.runSuitesInProcess(ForkedBooter.java:115)
	at 	at org.apache.maven.surefire.booter.ForkedBooter.main(ForkedBooter.java:75)
21:35:00,550 |-INFO in ch.qos.logback.core.joran.action.AppenderAction - About to instantiate appender of type [ch.qos.logback.core.ConsoleAppender]
21:35:00,552 |-INFO in ch.qos.logback.core.joran.action.AppenderAction - Naming appender as [consoleAppender]
21:35:00,554 |-INFO in ch.qos.logback.core.joran.action.NestedComplexPropertyIA - Assuming default type [ch.qos.logback.classic.encoder.PatternLayoutEncoder] for [encoder] property
21:35:00,564 |-INFO in ch.qos.logback.core.joran.action.AppenderAction - About to instantiate appender of type [ch.qos.logback.core.rolling.RollingFileAppender]
21:35:00,565 |-INFO in ch.qos.logback.core.joran.action.AppenderAction - Naming appender as [debugAppender]
21:35:00,576 |-INFO in c.q.l.core.rolling.TimeBasedRollingPolicy@832947102 - Will use gz compression
21:35:00,577 |-INFO in c.q.l.core.rolling.TimeBasedRollingPolicy@832947102 - Will use the pattern catalina.base_IS_UNDEFINED/logs/webapps/debug/debug.%d{yyyy-MM-dd}.log for the active file
21:35:00,578 |-INFO in c.q.l.core.rolling.DefaultTimeBasedFileNamingAndTriggeringPolicy - The date pattern is &apos;yyyy-MM-dd&apos; from file name pattern &apos;catalina.base_IS_UNDEFINED/logs/webapps/debug/debug.%d{yyyy-MM-dd}.log.gz&apos;.
21:35:00,578 |-INFO in c.q.l.core.rolling.DefaultTimeBasedFileNamingAndTriggeringPolicy - Roll-over at midnight.
21:35:00,579 |-INFO in c.q.l.core.rolling.DefaultTimeBasedFileNamingAndTriggeringPolicy - Setting initial period to Tue Jun 06 21:31:22 EDT 2023
21:35:00,580 |-ERROR in ch.qos.logback.core.joran.spi.Interpreter@19:17 - no applicable action for [encore], current ElementPath  is [[configuration][appender][encore]]
21:35:00,580 |-ERROR in ch.qos.logback.core.joran.spi.Interpreter@20:22 - no applicable action for [pattern], current ElementPath  is [[configuration][appender][encore][pattern]]
21:35:00,581 |-INFO in ch.qos.logback.core.rolling.RollingFileAppender[debugAppender] - Active log file name: catalina.base_IS_UNDEFINED/logs/webapps/debug.log
21:35:00,581 |-INFO in ch.qos.logback.core.rolling.RollingFileAppender[debugAppender] - File property is set to [catalina.base_IS_UNDEFINED/logs/webapps/debug.log]
21:35:00,581 |-WARN in ch.qos.logback.core.rolling.RollingFileAppender[debugAppender] - Encoder has not been set. Cannot invoke its init method.
21:35:00,581 |-ERROR in ch.qos.logback.core.rolling.RollingFileAppender[debugAppender] - No encoder set for the appender named &quot;debugAppender&quot;.
21:35:00,581 |-INFO in ch.qos.logback.core.joran.action.AppenderAction - About to instantiate appender of type [ch.qos.logback.core.rolling.RollingFileAppender]
21:35:00,581 |-INFO in ch.qos.logback.core.joran.action.AppenderAction - Naming appender as [infoAppender]
21:35:00,582 |-INFO in c.q.l.core.rolling.TimeBasedRollingPolicy@1061804750 - Will use gz compression
21:35:00,582 |-INFO in c.q.l.core.rolling.TimeBasedRollingPolicy@1061804750 - Will use the pattern catalina.base_IS_UNDEFINED/logs/webapps/info/info.%d{yyyy-MM-dd}.log for the active file
21:35:00,582 |-INFO in c.q.l.core.rolling.DefaultTimeBasedFileNamingAndTriggeringPolicy - The date pattern is &apos;yyyy-MM-dd&apos; from file name pattern &apos;catalina.base_IS_UNDEFINED/logs/webapps/info/info.%d{yyyy-MM-dd}.log.gz&apos;.
21:35:00,582 |-INFO in c.q.l.core.rolling.DefaultTimeBasedFileNamingAndTriggeringPolicy - Roll-over at midnight.
21:35:00,582 |-INFO in c.q.l.core.rolling.DefaultTimeBasedFileNamingAndTriggeringPolicy - Setting initial period to Tue Jun 06 21:31:22 EDT 2023
21:35:00,582 |-INFO in ch.qos.logback.core.joran.action.NestedComplexPropertyIA - Assuming default type [ch.qos.logback.classic.encoder.PatternLayoutEncoder] for [encoder] property
21:35:00,583 |-INFO in ch.qos.logback.core.rolling.RollingFileAppender[infoAppender] - Active log file name: catalina.base_IS_UNDEFINED/logs/webapps/info.log
21:35:00,583 |-INFO in ch.qos.logback.core.rolling.RollingFileAppender[infoAppender] - File property is set to [catalina.base_IS_UNDEFINED/logs/webapps/info.log]
21:35:00,583 |-INFO in ch.qos.logback.core.joran.action.AppenderAction - About to instantiate appender of type [ch.qos.logback.core.rolling.RollingFileAppender]
21:35:00,583 |-INFO in ch.qos.logback.core.joran.action.AppenderAction - Naming appender as [errorAppender]
21:35:00,583 |-INFO in c.q.l.core.rolling.TimeBasedRollingPolicy@507084503 - Will use gz compression
21:35:00,583 |-INFO in c.q.l.core.rolling.TimeBasedRollingPolicy@507084503 - Will use the pattern catalina.base_IS_UNDEFINED/logs/webapps/error/error.%d{yyyy-MM-dd}.log for the active file
21:35:00,583 |-INFO in c.q.l.core.rolling.DefaultTimeBasedFileNamingAndTriggeringPolicy - The date pattern is &apos;yyyy-MM-dd&apos; from file name pattern &apos;catalina.base_IS_UNDEFINED/logs/webapps/error/error.%d{yyyy-MM-dd}.log.gz&apos;.
21:35:00,583 |-INFO in c.q.l.core.rolling.DefaultTimeBasedFileNamingAndTriggeringPolicy - Roll-over at midnight.
21:35:00,584 |-INFO in c.q.l.core.rolling.DefaultTimeBasedFileNamingAndTriggeringPolicy - Setting initial period to Tue Jun 06 21:31:22 EDT 2023
21:35:00,584 |-INFO in ch.qos.logback.core.joran.action.NestedComplexPropertyIA - Assuming default type [ch.qos.logback.classic.encoder.PatternLayoutEncoder] for [encoder] property
21:35:00,584 |-INFO in ch.qos.logback.core.rolling.RollingFileAppender[errorAppender] - Active log file name: catalina.base_IS_UNDEFINED/logs/webapps/error.log
21:35:00,584 |-INFO in ch.qos.logback.core.rolling.RollingFileAppender[errorAppender] - File property is set to [catalina.base_IS_UNDEFINED/logs/webapps/error.log]
21:35:00,584 |-INFO in ch.qos.logback.classic.joran.action.LoggerAction - Setting level of logger [ca.bytetube.communityApp] to DEBUG
21:35:00,584 |-INFO in ch.qos.logback.classic.joran.action.LoggerAction - Setting additivity of logger [ca.bytetube.communityApp] to true
21:35:00,584 |-INFO in ch.qos.logback.core.joran.action.AppenderRefAction - Attaching appender named [debugAppender] to Logger[ca.bytetube.communityApp]
21:35:00,584 |-INFO in ch.qos.logback.core.joran.action.AppenderRefAction - Attaching appender named [infoAppender] to Logger[ca.bytetube.communityApp]
21:35:00,584 |-INFO in ch.qos.logback.core.joran.action.AppenderRefAction - Attaching appender named [errorAppender] to Logger[ca.bytetube.communityApp]
21:35:00,585 |-INFO in ch.qos.logback.classic.joran.action.RootLoggerAction - Setting level of ROOT logger to INFO
21:35:00,585 |-INFO in ch.qos.logback.core.joran.action.AppenderRefAction - Attaching appender named [consoleAppender] to Logger[ROOT]
21:35:00,585 |-INFO in ch.qos.logback.classic.joran.action.ConfigurationAction - End of configuration.
21:35:00,585 |-INFO in ch.qos.logback.classic.joran.JoranConfigurator@490ab905 - Registering current configuration as safe fallback point

log.pattern_IS_UNDEFINEDlog.pattern_IS_UNDEFINEDlog.pattern_IS_UNDEFINEDlog.pattern_IS_UNDEFINEDlog.pattern_IS_UNDEFINEDlog.pattern_IS_UNDEFINEDlog.pattern_IS_UNDEFINEDlog.pattern_IS_UNDEFINEDlog.pattern_IS_UNDEFINED</system-out>
    <system-err>Loading class `com.mysql.jdbc.Driver&apos;. This is deprecated. The new driver class is `com.mysql.cj.jdbc.Driver&apos;. The driver is automatically registered via the SPI and manual loading of the driver class is generally unnecessary.
</system-err>
  </testcase>
</testsuite>